0 info it worked if it ends with ok
1 verbose cli [ '/Users/nakatsugawa/.nodebrew/node/v6.6.0/bin/node',
1 verbose cli   '/Users/nakatsugawa/.nodebrew/current/bin/npm',
1 verbose cli   'publish' ]
2 info using npm@3.10.3
3 info using node@v6.6.0
4 verbose publish [ '.' ]
5 silly cache add args [ '.', null ]
6 verbose cache add spec .
7 silly cache add parsed spec Result {
7 silly cache add   raw: '.',
7 silly cache add   scope: null,
7 silly cache add   escapedName: null,
7 silly cache add   name: null,
7 silly cache add   rawSpec: '.',
7 silly cache add   spec: '/Users/nakatsugawa/Documents/linear',
7 silly cache add   type: 'directory' }
8 verbose addLocalDirectory /Users/nakatsugawa/.npm/linear/1.0.0/package.tgz not in flight; packing
9 verbose correctMkdir /Users/nakatsugawa/.npm correctMkdir not in flight; initializing
10 info lifecycle linear@1.0.0~prepublish: linear@1.0.0
11 silly lifecycle linear@1.0.0~prepublish: no script for prepublish, continuing
12 verbose tar pack [ '/Users/nakatsugawa/.npm/linear/1.0.0/package.tgz',
12 verbose tar pack   '/Users/nakatsugawa/Documents/linear' ]
13 verbose tarball /Users/nakatsugawa/.npm/linear/1.0.0/package.tgz
14 verbose folder /Users/nakatsugawa/Documents/linear
15 verbose addLocalTarball adding from inside cache /Users/nakatsugawa/.npm/linear/1.0.0/package.tgz
16 verbose correctMkdir /Users/nakatsugawa/.npm correctMkdir not in flight; initializing
17 silly cache afterAdd linear@1.0.0
18 verbose afterAdd /Users/nakatsugawa/.npm/linear/1.0.0/package/package.json not in flight; writing
19 verbose correctMkdir /Users/nakatsugawa/.npm correctMkdir not in flight; initializing
20 verbose afterAdd /Users/nakatsugawa/.npm/linear/1.0.0/package/package.json written
21 silly publish { name: 'linear',
21 silly publish   version: '1.0.0',
21 silly publish   description: 'Linear is the fast development environments with express. From micro service to more big services.',
21 silly publish   main: 'gulpfile.babel.js',
21 silly publish   scripts:
21 silly publish    { test: 'echo "Error: no test specified" && exit 1',
21 silly publish      start: 'node server.js' },
21 silly publish   author: '',
21 silly publish   license: 'MIT',
21 silly publish   dependencies:
21 silly publish    { commander: '^2.9.0',
21 silly publish      'connect-nedb-session': '0.0.3',
21 silly publish      'express-session': '^1.14.1',
21 silly publish      'fs-extra': '^0.30.0',
21 silly publish      inquirer: '^1.2.2',
21 silly publish      jade: '^1.11.0',
21 silly publish      'jstransformer-markdown': '^1.1.0',
21 silly publish      'jstransformer-markdown-it': '^2.0.0',
21 silly publish      markdown: '^0.5.0',
21 silly publish      'markdown-js': '0.0.3',
21 silly publish      marked: '^0.3.6',
21 silly publish      randomstring: '^1.1.5',
21 silly publish      sequelize: '^3.24.6',
21 silly publish      sqlite3: '^3.1.8' },
21 silly publish   devDependencies:
21 silly publish    { 'db-migrate-mysql': '^1.1.10',
21 silly publish      'gulp-live-server': '0.0.30',
21 silly publish      'gulp-sourcemaps': '^2.2.0' },
21 silly publish   readme: '# Linear\n\nLinear is the fast development environments with express. From micro service to more big services.\n\n## Features\n\n- Routing\n- Database with O/R mapper (Sequelize)\n- Each routing has own MVC structure\n- Code generator\n- Support ES2015\n- Development server\n\n## Install\n\n```\nnpm install linear -g\n```\n\n## Usage\n\n```\ncd some/path\nlinear init app # Your application name\nlinear serve\n```\n\nOpen http://localhost:8080/\n\n## Constructors\n\nLinear generates those files.\n\n```\n$ tree .\n.\n├── config.js\n├── modules\n├── package.json\n├── routes\n│   ├── controller.js\n│   ├── index.js\n│   ├── public\n│   │   ├── app.css\n│   │   └── app.js\n│   └── views\n│       ├── edit.jade\n│       ├── index.jade\n│       └── new.jade\n└── tmp\n```\n\n- config.js is development configures.\n- module contains database model, libraries.\n- routes contains controller, router, javascript, stylesheets, and views.\n- tmp is for temporary files like session database.\n\nDefault router supports below.\n\n- GET /\n- GET /new\n- GET /:id/edit\n- POST /\n- PUT /:id\n- DELETE /:id\n\n## Add new routes.\n\nWhen you add new routes like /users, you should enter command below.\n\n```\n$ linear generate route users\n```\n\nLinear generates those files.\n\n```\n$ tree .\n.\n├── routes\n│   ├── users\n│   │   ├── controller.js\n│   │   ├── index.js\n│   │   ├── public\n│   │   │   ├── app.css\n│   │   │   └── app.js\n│   │   └── views\n│   │       ├── edit.jade\n│   │       ├── index.jade\n│   │       └── new.jade\n```\n\nEach route has own MVC inside routes directory. After generating, you have those routes.\n\n- GET /users\n- GET /users/new\n- GET /users/:id/edit\n- POST /users\n- PUT /users/:id\n- DELETE /users/:id\n\n## Modules\n\nLinear has no module generator. You can make files like this.\n\n```\nmodules/\n└── db\n    ├── index.js\n    └── user.js\n```\n\n**index.js**\n\n```\nmodule.exports = (options) => {\n  var User = require(\'./user\')(options);\n  return [User];\n}\n```\n\n**user.js:**\n\n```\n// var sequelize = require(\'../../libs/database\');\nvar crypto = require("crypto");\n\nmodule.exports = (options) => {\n  var database = options.database;\n  var Sequelize = database.Sequelize;\n  var db = database.database;\n\n  var User = db.define(\'users\', {\n    id: {\n      type: Sequelize.INTEGER,\n      autoIncrement: true,\n      primaryKey: true\n    },\n    name: {\n      type: Sequelize.STRING\n    },\n    :\n  }, {\n    freezeTableName: true\n  });\n\n  User.role = \'User\';\n  return User;\n}\n```\n\nLinear supports Sequelize for O/R mapping. And you can use modules in router.\n\n```\nrouter.get(\'/new\', (req, res, next) => {\n  console.log(req.app.linear.modules); // All modules\n  console.log(req.app.linear.modules.find(\'User\')); // Get user module. You decide it with module\'s role like User.role = \'User\';\n  controller.new(req, res, next);\n});\n```\n\n### LICENSE\n\nMIT License',
21 silly publish   readmeFilename: 'README.md',
21 silly publish   gitHead: '0e356025ec0edb51142e8cfa6e40a0db851ecdf2',
21 silly publish   _id: 'linear@1.0.0',
21 silly publish   _shasum: '70a00353436e3a6eb7bccf07b9d8ec90a8f5c3e8',
21 silly publish   _from: '.' }
22 verbose getPublishConfig undefined
23 silly mapToRegistry name linear
24 silly mapToRegistry using default registry
25 silly mapToRegistry registry https://registry.npmjs.org/
26 silly mapToRegistry data Result {
26 silly mapToRegistry   raw: 'linear',
26 silly mapToRegistry   scope: null,
26 silly mapToRegistry   escapedName: 'linear',
26 silly mapToRegistry   name: 'linear',
26 silly mapToRegistry   rawSpec: '',
26 silly mapToRegistry   spec: 'latest',
26 silly mapToRegistry   type: 'tag' }
27 silly mapToRegistry uri https://registry.npmjs.org/linear
28 verbose publish registryBase https://registry.npmjs.org/
29 silly publish uploading /Users/nakatsugawa/.npm/linear/1.0.0/package.tgz
30 verbose request uri https://registry.npmjs.org/linear
31 verbose request sending authorization for write operation
32 info attempt registry request try #1 at 13:13:33
33 verbose request using bearer token for auth
34 verbose request id cb6c0b4c43e627b4
35 http request PUT https://registry.npmjs.org/linear
36 http 403 https://registry.npmjs.org/linear
37 verbose headers { 'content-type': 'application/json',
37 verbose headers   'cache-control': 'max-age=300',
37 verbose headers   'content-length': '100',
37 verbose headers   'accept-ranges': 'bytes',
37 verbose headers   date: 'Sat, 03 Dec 2016 04:13:34 GMT',
37 verbose headers   via: '1.1 varnish',
37 verbose headers   connection: 'keep-alive',
37 verbose headers   'x-served-by': 'cache-hkg6826-HKG',
37 verbose headers   'x-cache': 'MISS',
37 verbose headers   'x-cache-hits': '0',
37 verbose headers   'x-timer': 'S1480738413.729322,VS0,VE771',
37 verbose headers   vary: 'Accept-Encoding' }
38 verbose request invalidating /Users/nakatsugawa/.npm/registry.npmjs.org/linear on PUT
39 error publish Failed PUT 403
40 verbose stack Error: you do not have permission to publish "linear". Are you logged in as the correct user? : linear
40 verbose stack     at makeError (/Users/nakatsugawa/.nodebrew/node/v6.6.0/lib/node_modules/npm/node_modules/npm-registry-client/lib/request.js:264:12)
40 verbose stack     at CachingRegistryClient.<anonymous> (/Users/nakatsugawa/.nodebrew/node/v6.6.0/lib/node_modules/npm/node_modules/npm-registry-client/lib/request.js:252:14)
40 verbose stack     at Request._callback (/Users/nakatsugawa/.nodebrew/node/v6.6.0/lib/node_modules/npm/node_modules/npm-registry-client/lib/request.js:172:14)
40 verbose stack     at Request.self.callback (/Users/nakatsugawa/.nodebrew/node/v6.6.0/lib/node_modules/npm/node_modules/request/request.js:200:22)
40 verbose stack     at emitTwo (events.js:106:13)
40 verbose stack     at Request.emit (events.js:191:7)
40 verbose stack     at Request.<anonymous> (/Users/nakatsugawa/.nodebrew/node/v6.6.0/lib/node_modules/npm/node_modules/request/request.js:1067:10)
40 verbose stack     at emitOne (events.js:101:20)
40 verbose stack     at Request.emit (events.js:188:7)
40 verbose stack     at IncomingMessage.<anonymous> (/Users/nakatsugawa/.nodebrew/node/v6.6.0/lib/node_modules/npm/node_modules/request/request.js:988:12)
41 verbose statusCode 403
42 verbose pkgid linear
43 verbose cwd /Users/nakatsugawa/Documents/linear
44 error Darwin 16.1.0
45 error argv "/Users/nakatsugawa/.nodebrew/node/v6.6.0/bin/node" "/Users/nakatsugawa/.nodebrew/current/bin/npm" "publish"
46 error node v6.6.0
47 error npm  v3.10.3
48 error code E403
49 error you do not have permission to publish "linear". Are you logged in as the correct user? : linear
50 error If you need help, you may report this error at:
50 error     <https://github.com/npm/npm/issues>
51 verbose exit [ 1, true ]
